Build started 04/12/2018 15:00:45.
     1>Project "D:\Documents\UTY\Semester III\Struktur Data prak\Vs Studio 2010\Stack With Linkedlist\Stack With Linkedlist\Stack With Linkedlist.vcxproj" on node 2 (build target(s)).
     1>InitializeBuildStatus:
         Creating "Debug\Stack With Linkedlist.unsuccessfulbuild" because "AlwaysCreate" was specified.
       ClCompile:
         c:\Program Files (x86)\Microsoft Visual Studio 10.0\VC\bin\CL.exe /c /ZI /nologo /W3 /WX- /Od /Oy- /D WIN32 /D _DEBUG /D _CONSOLE /D _UNICODE /D UNICODE /Gm /EHsc /RTC1 /MDd /GS /fp:precise /Zc:wchar_t /Zc:forScope /Fo"Debug\\" /Fd"Debug\vc100.pdb" /Gd /TP /analyze- /errorReport:prompt stack_linkedlist.cpp
         stack_linkedlist.cpp
       ManifestResourceCompile:
         All outputs are up-to-date.
       Link:
         c:\Program Files (x86)\Microsoft Visual Studio 10.0\VC\bin\link.exe /ERRORREPORT:PROMPT /OUT:"D:\Documents\UTY\Semester III\Struktur Data prak\Vs Studio 2010\Stack With Linkedlist\Debug\Stack With Linkedlist.exe" /INCREMENTAL /NOLOGO kernel32.lib user32.lib gdi32.lib winspool.lib comdlg32.lib advapi32.lib shell32.lib ole32.lib oleaut32.lib uuid.lib odbc32.lib odbccp32.lib /MANIFEST /ManifestFile:"Debug\Stack With Linkedlist.exe.intermediate.manifest" /MANIFESTUAC:"level='asInvoker' uiAccess='false'" /DEBUG /PDB:"D:\Documents\UTY\Semester III\Struktur Data prak\Vs Studio 2010\Stack With Linkedlist\Debug\Stack With Linkedlist.pdb" /SUBSYSTEM:CONSOLE /TLBID:1 /DYNAMICBASE /NXCOMPAT /IMPLIB:"D:\Documents\UTY\Semester III\Struktur Data prak\Vs Studio 2010\Stack With Linkedlist\Debug\Stack With Linkedlist.lib" /MACHINE:X86 "Debug\Stack With Linkedlist.exe.embed.manifest.res"
         Debug\stack_linkedlist.obj
       Manifest:
         c:\Program Files (x86)\Microsoft SDKs\Windows\v7.0A\bin\mt.exe /nologo /verbose /out:"Debug\Stack With Linkedlist.exe.embed.manifest" /manifest "Debug\Stack With Linkedlist.exe.intermediate.manifest"
         All outputs are up-to-date.
       LinkEmbedManifest:
         All outputs are up-to-date.
         Stack With Linkedlist.vcxproj -> D:\Documents\UTY\Semester III\Struktur Data prak\Vs Studio 2010\Stack With Linkedlist\Debug\Stack With Linkedlist.exe
       FinalizeBuildStatus:
         Deleting file "Debug\Stack With Linkedlist.unsuccessfulbuild".
         Touching "Debug\Stack With Linkedlist.lastbuildstate".
     1>Done Building Project "D:\Documents\UTY\Semester III\Struktur Data prak\Vs Studio 2010\Stack With Linkedlist\Stack With Linkedlist\Stack With Linkedlist.vcxproj" (build target(s)).

Build succeeded.

Time Elapsed 00:00:01.46
